<?xml version="1.0" encoding="UTF-8"?>
<!-- Generated by org.testng.reporters.JUnitReportReporter -->
<testsuite hostname="Marcelas-MBP.fios-router.home" name="com.hubspot.tests.ContactsPageTest" tests="2" failures="0" timestamp="20 Jul 2020 02:54:56 GMT" time="10.101" errors="1">
  <testcase name="verifyContactPageTitle" time="10.101" classname="com.hubspot.tests.ContactsPageTest"/>
  <testcase name="createNewContactTest" time="0.000" classname="com.hubspot.tests.ContactsPageTest">
    <error type="java.lang.NullPointerException">
      <![CDATA[java.lang.NullPointerException
	at org.testng.internal.MethodInvocationHelper.invokeDataProvider(MethodInvocationHelper.java:151)
	at org.testng.internal.Parameters.handleParameters(Parameters.java:430)
	at org.testng.internal.Invoker.handleParameters(Invoker.java:1276)
	at org.testng.internal.Invoker.createParameters(Invoker.java:991)
	at org.testng.internal.Invoker.invokeTestMethods(Invoker.java:1081)
	at org.testng.internal.TestMethodWorker.invokeTestMethods(TestMethodWorker.java:129)
	at org.testng.internal.TestMethodWorker.run(TestMethodWorker.java:112)
	at org.testng.TestRunner.privateRun(TestRunner.java:782)
	at org.testng.TestRunner.run(TestRunner.java:632)
	at org.testng.SuiteRunner.runTest(SuiteRunner.java:366)
	at org.testng.SuiteRunner.runSequentially(SuiteRunner.java:361)
	at org.testng.SuiteRunner.privateRun(SuiteRunner.java:319)
	at org.testng.SuiteRunner.run(SuiteRunner.java:268)
	at org.testng.SuiteRunnerWorker.runSuite(SuiteRunnerWorker.java:52)
	at org.testng.SuiteRunnerWorker.run(SuiteRunnerWorker.java:86)
	at org.testng.TestNG.runSuitesSequentially(TestNG.java:1244)
	at org.testng.TestNG.runSuitesLocally(TestNG.java:1169)
	at org.testng.TestNG.run(TestNG.java:1064)
	at org.testng.remote.RemoteTestNG.run(RemoteTestNG.java:113)
	at org.testng.remote.RemoteTestNG.initAndRun(RemoteTestNG.java:206)
	at org.testng.remote.RemoteTestNG.main(RemoteTestNG.java:177)
]]>
    </error>
  </testcase> <!-- createNewContactTest -->
</testsuite> <!-- com.hubspot.tests.ContactsPageTest -->
