<?xml version="1.0" encoding="UTF-8"?>
<!-- Generated by org.testng.reporters.JUnitReportReporter -->
<testsuite hostname="Marcelas-MBP.fios-router.home" name="com.hubspot.tests.HomePageTest" tests="3" failures="0" timestamp="22 Jul 2020 14:53:58 GMT" time="36.130" errors="0">
  <testcase name="verifyHomePageTitle" time="11.629" classname="com.hubspot.tests.HomePageTest"/>
  <testcase name="verifyHomePageHeader" time="12.645" classname="com.hubspot.tests.HomePageTest"/>
  <testcase name="verifyLoggedInUserAccount" time="11.856" classname="com.hubspot.tests.HomePageTest"/>
</testsuite> <!-- com.hubspot.tests.HomePageTest -->
