<?xml version="1.0" encoding="UTF-8"?>
<!-- Generated by org.testng.reporters.JUnitReportReporter -->
<testsuite hostname="Marcelas-MBP.fios-router.home" name="com.hubspot.tests.LoginPFTest" tests="1" failures="0" timestamp="20 Jul 2020 15:02:30 GMT" time="7.224" errors="0">
  <testcase name="loginPFTest" time="7.224" classname="com.hubspot.tests.LoginPFTest"/>
</testsuite> <!-- com.hubspot.tests.LoginPFTest -->
