<?xml version="1.0" encoding="UTF-8"?>
<!-- Generated by org.testng.reporters.JUnitReportReporter -->
<testsuite hostname="Marcelas-MBP.fios-router.home" name="com.hubspot.tests.LoginPageTest" tests="4" failures="0" timestamp="22 Jul 2020 14:54:54 GMT" time="26.405" errors="0">
  <testcase name="loginTest2" time="6.548" classname="com.hubspot.tests.LoginPageTest"/>
  <testcase name="loginTest3" time="7.111" classname="com.hubspot.tests.LoginPageTest"/>
  <testcase name="getTitle" time="6.188" classname="com.hubspot.tests.LoginPageTest"/>
  <testcase name="loginTest1" time="6.558" classname="com.hubspot.tests.LoginPageTest"/>
</testsuite> <!-- com.hubspot.tests.LoginPageTest -->
